<?xml version="1.0" encoding="UTF-8"?>
<!-- Generated by org.testng.reporters.JUnitReportReporter -->
<testsuite hostname="MNCTVN05582" failures="0" tests="4" name="testcases.TestPosts" time="26.933" errors="0" timestamp="26 Mar 2021 14:39:07 GMT">
  <testcase classname="testcases.TestPosts" name="dataInput" time="5.770"/>
  <testcase classname="testcases.TestPosts" name="dataInput" time="3.707"/>
  <testcase classname="testcases.TestPosts" name="dataInput" time="3.580"/>
  <testcase classname="testcases.TestPosts" name="dataType" time="13.876"/>
</testsuite> <!-- testcases.TestPosts -->
